[PREINITIALIZATION][CLIENT][INFO] Thank you to the Patreon supporters below and others who make CraftTweaker possible!
Genryu
Phillip Swearingain
Barrier
NerdyWhiteGuy
DreamThorn
Spencer Gilbert
Belathus
Angelo A
SquidDev
AdaraChristine
Pongo Sapiens
WaterMoon
Peregrinus11
NickT
BrГѓВёnsted
Zuniroa
Robijnvogel
Ivy_
MT7658
Manmana
If you want to support the mod, checkout https://patreon.com/jaredlll08?s=crtmod

[PREINITIALIZATION][CLIENT][INFO] Current loaders after merging: [[preinit]]
[PREINITIALIZATION][CLIENT][INFO] Loading scripts for loader with names [preinit]
[PREINITIALIZATION][CLIENT][INFO] [preinit | SIDE_CLIENT]: Skipping file {[0:crafttweaker]: recipes.zs} as we are currently loading with a different loader
[PREINITIALIZATION][CLIENT][INFO] Completed script loading in: 6ms
[INITIALIZATION][CLIENT][INFO] CraftTweaker: Building registry
[INITIALIZATION][CLIENT][INFO] CraftTweaker: Successfully built item registry
[INITIALIZATION][CLIENT][INFO] Current loaders after merging: [[preinit], [recipeevent | crafttweaker]]
[INITIALIZATION][CLIENT][INFO] Loading scripts for loader with names [crafttweaker | recipeevent]
[INITIALIZATION][CLIENT][INFO] [crafttweaker | SIDE_CLIENT]: Loading Script: {[0:crafttweaker]: recipes.zs}
[INITIALIZATION][CLIENT][INFO] Completed script loading in: 878ms
[POSTINITIALIZATION][CLIENT][INFO] Removing recipes for various outputs
[POSTINITIALIZATION][CLIENT][INFO] Adding shaped recipe for GLASS Terminal with name ct_shaped501764633
[POSTINITIALIZATION][CLIENT][INFO] Adding shaped recipe for GLASS Projector with name ct_shaped-714973256
[POSTINITIALIZATION][CLIENT][INFO] Adding shaped recipe for GLASS Wireless Extension with name ct_shaped-25836145
[POSTINITIALIZATION][CLIENT][INFO] Adding shaped recipe for GLASS Extension with name ct_shaped958336998
[POSTINITIALIZATION][CLIENT][INFO] Adding shaped recipe for Charcoal Filter with name ct_shaped-814165399
[POSTINITIALIZATION][CLIENT][INFO] Adding shaped recipe for Shell Storage with name ct_shaped813954925
[POSTINITIALIZATION][CLIENT][INFO] Adding shaped recipe for Shell Constructor with name ct_shaped895067362
[POSTINITIALIZATION][CLIENT][INFO] Adding shaped recipe for Elytra with name ct_shaped-1248244467
[POSTINITIALIZATION][CLIENT][INFO] Adding shaped recipe for Fairy Dust with name ct_shaped2016893200
[POSTINITIALIZATION][CLIENT][INFO] Adding shaped recipe for Amethyst with name ct_shaped-183887473
[POSTINITIALIZATION][CLIENT][INFO] Adding shaped recipe for Amethyst Ore with name ct_shaped1162107709
[AVAILABLE][CLIENT][INFO] Fixed the RecipeBook
